INFO  2022-03-23 11:41:15,027 338107ms APILogFilter           OnActionExecuting  - https://localhost:44368/api/user/SignInUser
INFO  2022-03-23 11:41:15,132 338212ms APILogFilter           OnActionExecuting  - {"model":{"Email":"nrmakwana10792@gmailll.com","Password":"string","LoginType":"string","FirebaseToken":"string","DeviceType":"string"}}
INFO  2022-03-23 11:41:27,224 350304ms APILogFilter           OnActionExecuting  - https://localhost:44368/api/user/SignInUser
INFO  2022-03-23 11:41:27,224 350304ms APILogFilter           OnActionExecuting  - {"model":{"Email":"nrmakwana10792@gmailll.com","Password":"string","LoginType":"normal","FirebaseToken":"string","DeviceType":"iphone"}}
INFO  2022-03-23 11:42:50,600 433680ms APILogFilter           OnActionExecuting  - https://localhost:44368/api/user/SignUpUser
INFO  2022-03-23 11:42:52,126 435205ms APILogFilter           OnActionExecuting  - {"model":{"UserName":"string","Mobile":"string","Gender":"male","ProfileImage":"string","IsEmailVerified":true,"DOB":"2022-03-23T06:05:43.66Z","Description":"string","Email":"nrmakwana10792@gmailll.com","Password":"string","LoginType":"normal","FirebaseToken":"string","DeviceType":"iphone"}}
INFO  2022-03-23 11:47:45,401 24963ms APILogFilter           OnActionExecuting  - https://localhost:44368/api/user/SignUpUser
INFO  2022-03-23 11:47:45,444 25006ms APILogFilter           OnActionExecuting  - {"model":{"UserName":"string","Mobile":"string","Gender":"male","ProfileImage":"string","IsEmailVerified":true,"DOB":"2022-03-23T06:17:21.959Z","Description":"string","Email":"test@gmail.com","Password":"string","LoginType":"normal","FirebaseToken":"string","DeviceType":"string"}}
INFO  2022-03-23 11:47:52,854 32416ms APILogFilter           OnActionExecuting  - https://localhost:44368/api/user/SignUpUser
INFO  2022-03-23 11:47:52,854 32416ms APILogFilter           OnActionExecuting  - {"model":{"UserName":"string","Mobile":"string","Gender":"male","ProfileImage":"string","IsEmailVerified":true,"DOB":"2022-03-23T06:17:21.959Z","Description":"string","Email":"test@gmail.com","Password":"string","LoginType":"normal","FirebaseToken":"string","DeviceType":"iphone"}}
INFO  2022-03-23 11:49:43,059 10421ms APILogFilter           OnActionExecuting  - https://localhost:44368/api/user/SignUpUser
INFO  2022-03-23 11:49:43,109 10471ms APILogFilter           OnActionExecuting  - {"model":{"UserName":"string","Mobile":"string","Gender":"male","ProfileImage":"string","IsEmailVerified":true,"DOB":"2022-03-23T06:17:21.959Z","Description":"string","Email":"test@gmail.com","Password":"string","LoginType":"normal","FirebaseToken":"string","DeviceType":"iphone"}}
INFO  2022-03-23 11:52:20,168 32294ms APILogFilter           OnActionExecuting  - https://localhost:44368/api/user/SignUpUser
INFO  2022-03-23 11:52:20,217 32343ms APILogFilter           OnActionExecuting  - {"model":{"UserName":"string","Mobile":"string","Gender":"male","ProfileImage":"string","IsEmailVerified":true,"DOB":"2022-03-23T06:21:49.327Z","Description":"string","Email":"test@2GS.COM","Password":"string","LoginType":"NORMAL","FirebaseToken":"string","DeviceType":"iphone"}}
INFO  2022-03-23 11:52:25,857 37983ms APILogFilter           OnActionExecuting  - https://localhost:44368/api/user/SignUpUser
INFO  2022-03-23 11:52:25,858 37984ms APILogFilter           OnActionExecuting  - {"model":{"UserName":"string","Mobile":"string","Gender":"male","ProfileImage":"string","IsEmailVerified":true,"DOB":"2022-03-23T06:21:49.327Z","Description":"string","Email":"test@2GS.COM","Password":"string","LoginType":"normal","FirebaseToken":"string","DeviceType":"iphone"}}
INFO  2022-03-23 11:53:20,094  9422ms APILogFilter           OnActionExecuting  - https://localhost:44368/api/user/SignUpUser
INFO  2022-03-23 11:53:20,143  9471ms APILogFilter           OnActionExecuting  - {"model":{"UserName":"string","Mobile":"string","Gender":"male","ProfileImage":"string","IsEmailVerified":true,"DOB":"2022-03-23T06:21:49.327Z","Description":"string","Email":"test@2GS.COM","Password":"string","LoginType":"normal","FirebaseToken":"string","DeviceType":"iphone"}}
INFO  2022-03-23 12:07:16,491 18130ms APILogFilter           OnActionExecuting  - https://localhost:44368/api/user/SignUpUser
INFO  2022-03-23 12:07:16,548 18188ms APILogFilter           OnActionExecuting  - {"model":{"UserName":"Nimisha","Mobile":null,"Gender":null,"ProfileImage":"","IsEmailVerified":true,"DOB":null,"Description":null,"Email":"nrmakwana10792@gmailll.com","Password":"nrmakwana10792@gmailll.com","LoginType":"gmail","FirebaseToken":"cAXSNqj9Lk-qqoTRdcaS39:APA91bH5KoSWiKuOPvkQzCAoj7vvOk4KPbTcppHkJwLKr15E_eTaQARbvFlwMuhv2UQH49MnPhQo8D5k6tIVtVGmBs68wO_KITYKpLbGzP9sqNIDi92qE-XhLSgq8X5ZjsBBs-QPp27M","DeviceType":"iphone"}}
INFO  2022-03-23 12:33:02,155 10037ms APILogFilter           OnActionExecuting  - https://localhost:44368/api/user/SignUpUser
INFO  2022-03-23 12:33:02,192 10075ms APILogFilter           OnActionExecuting  - {"model":{"UserName":"Nimisha","Mobile":null,"Gender":null,"ProfileImage":"","IsEmailVerified":true,"DOB":null,"Description":null,"Email":"nrmakwana10792@gmailll.com","Password":"nrmakwana10792@gmailll.com","LoginType":"gmail","FirebaseToken":"cAXSNqj9Lk-qqoTRdcaS39:APA91bH5KoSWiKuOPvkQzCAoj7vvOk4KPbTcppHkJwLKr15E_eTaQARbvFlwMuhv2UQH49MnPhQo8D5k6tIVtVGmBs68wO_KITYKpLbGzP9sqNIDi92qE-XhLSgq8X5ZjsBBs-QPp27M","DeviceType":"iphone"}}
INFO  2022-03-23 12:34:47,561  7439ms APILogFilter           OnActionExecuting  - https://localhost:44368/api/user/SignUpUser
INFO  2022-03-23 12:34:47,593  7472ms APILogFilter           OnActionExecuting  - {"model":{"UserName":"Nimisha","Mobile":null,"Gender":null,"ProfileImage":"","IsEmailVerified":true,"DOB":null,"Description":null,"Email":"nrmakwana10792@gmailll.com","Password":"nrmakwana10792@gmailll.com","LoginType":"gmail","FirebaseToken":"cAXSNqj9Lk-qqoTRdcaS39:APA91bH5KoSWiKuOPvkQzCAoj7vvOk4KPbTcppHkJwLKr15E_eTaQARbvFlwMuhv2UQH49MnPhQo8D5k6tIVtVGmBs68wO_KITYKpLbGzP9sqNIDi92qE-XhLSgq8X5ZjsBBs-QPp27M","DeviceType":"iphone"}}
